<?xml version="1.0" encoding="UTF-8"?>
<!-- Generated by org.testng.reporters.JUnitReportReporter -->
<testsuite hostname="DESKTOP-L8VPHJS" failures="0" tests="2" name="runners.SampleAppRunner" time="6.727" errors="0" timestamp="2022-09-23T18:37:26 IST" skipped="0">
  <testcase classname="runners.SampleAppRunner" name="runScenario" time="0.412"/>
  <system-out/>
  <testcase classname="runners.SampleAppRunner" name="runScenario" time="6.315"/>
  <system-out/>
</testsuite> <!-- runners.SampleAppRunner -->
